<?xml version="1.0" encoding="UTF-8"?>
<beans xmlns="http://www.springframework.org/schema/beans"
       xmlns:xsi="http://www.w3.org/2001/XMLSchema-instance"
       xmlns:dubbo="http://code.alibabatech.com/schema/dubbo"
       xsi:schemaLocation="http://www.springframework.org/schema/beans
        http://www.springframework.org/schema/beans/spring-beans.xsd
        http://code.alibabatech.com/schema/dubbo
        http://code.alibabatech.com/schema/dubbo/dubbo.xsd">
    <!-- Application name -->
    <dubbo:application name="portal-service-provider" logger="slf4j"/>

    <dubbo:provider version="1.0.0"/>
    <!-- dubbo监控 -->
    <dubbo:monitor protocol="registry"/>
    <!-- registry address, used for service to register itself -->
    <dubbo:registry address="${zookeeper.address}" file="./.dubbo/dubbo_registry"/>
    <!--    <dubbo:registry address="zookeeper://localhost:2181"/>-->
    <!-- expose this service through dubbo protocol, through port 20880 -->
    <dubbo:protocol name="dubbo" port="${dubbo.service.port}" threads="${dubbo.threads}"/>

    <dubbo:service interface="com.bestpay.bppe.openapi.service.authorizedCard.handle.AuthorizedCardAcctRechargeService"
                   ref="authorizedCardAcctRechargeService"/>
    <dubbo:service interface="com.bestpay.bppe.openapi.service.accountTransfer.handle.AccountTransferService"
                   ref="accountTransferService"/>

</beans>